\BOOKMARK [0][-]{chapter.1}{Introduction}{}% 1
\BOOKMARK [1][-]{section.1.1}{Central Exclusive Production}{chapter.1}% 2
\BOOKMARK [1][-]{section.1.2}{Double Pomeron Exchange}{chapter.1}% 3
\BOOKMARK [1][-]{section.1.3}{Physics motivation for the measurement}{chapter.1}% 4
\BOOKMARK [2][-]{subsection.1.3.1}{DPE differential cross-sections, mass spectrum}{section.1.3}% 5
\BOOKMARK [2][-]{subsection.1.3.2}{Absorption effects}{section.1.3}% 6
\BOOKMARK [2][-]{subsection.1.3.3}{Size of interaction region}{section.1.3}% 7
\BOOKMARK [0][-]{chapter.2}{Data set}{}% 8
\BOOKMARK [1][-]{section.2.1}{Trigger}{chapter.2}% 9
\BOOKMARK [1][-]{section.2.2}{Reconstruction software}{chapter.2}% 10
\BOOKMARK [1][-]{section.2.3}{Data format}{chapter.2}% 11
\BOOKMARK [1][-]{section.2.4}{Bad runs}{chapter.2}% 12
\BOOKMARK [2][-]{subsection.2.4.1}{RP distance from the beamline}{section.2.4}% 13
\BOOKMARK [0][-]{chapter.3}{Event selection}{}% 14
\BOOKMARK [1][-]{section.3.1}{List of cuts}{chapter.3}% 15
\BOOKMARK [1][-]{section.3.2}{Description of cuts}{chapter.3}% 16
\BOOKMARK [2][-]{subsection.3.2.1}{\(C1,C2\) Primary vertex}{section.3.2}% 17
\BOOKMARK [2][-]{subsection.3.2.2}{\(C3\) TPC tracks}{section.3.2}% 18
\BOOKMARK [2][-]{subsection.3.2.3}{\(C4\) RP tracks}{section.3.2}% 19
\BOOKMARK [2][-]{subsection.3.2.4}{\(C5\) TPC-RP z-vertex matching}{section.3.2}% 20
\BOOKMARK [2][-]{subsection.3.2.5}{\(C6\) BBC-large signal veto}{section.3.2}% 21
\BOOKMARK [2][-]{subsection.3.2.6}{\(C7\) TOF clusters limit}{section.3.2}% 22
\BOOKMARK [2][-]{subsection.3.2.7}{\(C8\) Exclusivity cut \(missing pT cut\)}{section.3.2}% 23
\BOOKMARK [2][-]{subsection.3.2.8}{\(C9\) Particle identification}{section.3.2}% 24
\BOOKMARK [1][-]{section.3.3}{Cut flow}{chapter.3}% 25
\BOOKMARK [0][-]{chapter.4}{Corrections}{}% 26
\BOOKMARK [1][-]{section.4.1}{Trigger efficiency}{chapter.4}% 27
\BOOKMARK [2][-]{subsection.4.1.1}{Online veto \(BBC-small and ZDC veto\)}{section.4.1}% 28
\BOOKMARK [2][-]{subsection.4.1.2}{RP triggering efficiency}{section.4.1}% 29
\BOOKMARK [2][-]{subsection.4.1.3}{Up and Down RP combination veto}{section.4.1}% 30
\BOOKMARK [1][-]{section.4.2}{Cuts efficiency}{chapter.4}% 31
\BOOKMARK [2][-]{subsection.4.2.1}{TPC z-vertex cut \(C2\)}{section.4.2}% 32
\BOOKMARK [2][-]{subsection.4.2.2}{TPC-RP z-vertex matching \(C5\)}{section.4.2}% 33
\BOOKMARK [2][-]{subsection.4.2.3}{Offline BBC-large veto \(C6\) and TOF clusters limit \(C7\)}{section.4.2}% 34
\BOOKMARK [2][-]{subsection.4.2.4}{Missing pT cut \(C8\)}{section.4.2}% 35
\BOOKMARK [2][-]{subsection.4.2.5}{Particle identification \(C9\)}{section.4.2}% 36
\BOOKMARK [1][-]{section.4.3}{RP track acceptance and reconstruction efficiency}{chapter.4}% 37
\BOOKMARK [1][-]{section.4.4}{TPC track acceptance and reconstruction efficiency}{chapter.4}% 38
\BOOKMARK [1][-]{section.4.5}{TOF acceptance, reconstruction and track-matching efficiency}{chapter.4}% 39
\BOOKMARK [1][-]{section.4.6}{TPC vertex reconstruction efficiency}{chapter.4}% 40
\BOOKMARK [0][-]{chapter.5}{Backgrounds}{}% 41
\BOOKMARK [1][-]{section.5.1}{Non-exclusive background}{chapter.5}% 42
\BOOKMARK [1][-]{section.5.2}{Exclusive background}{chapter.5}% 43
\BOOKMARK [0][-]{chapter.6}{Systematic errors}{}% 44
\BOOKMARK [0][-]{chapter*.6}{List of Figures}{}% 45
\BOOKMARK [0][-]{chapter*.7}{List of Tables}{}% 46
\BOOKMARK [0][-]{chapter*.8}{References}{}% 47
