This is pdfTeX, Version 3.1415926-2.5-1.40.14 (TeX Live 2013/Debian) (format=pdflatex 2016.12.19)  18 JAN 2018 11:34
entering extended mode
 restricted \write18 enabled.
 %&-line parsing enabled.
**CEP_AnalysisNote.tex
(./CEP_AnalysisNote.tex
LaTeX2e <2011/06/27>
Babel <3.9h> and hyphenation patterns for 3 languages loaded.
(/usr/share/texlive/texmf-dist/tex/latex/base/report.cls
Document Class: report 2007/10/19 v1.4h Standard LaTeX document class
(/usr/share/texlive/texmf-dist/tex/latex/base/size10.clo
File: size10.clo 2007/10/19 v1.4h Standard LaTeX file (size option)
)
\c@part=\count79
\c@chapter=\count80
\c@section=\count81
\c@subsection=\count82
\c@subsubsection=\count83
\c@paragraph=\count84
\c@subparagraph=\count85
\c@figure=\count86
\c@table=\count87
\abovecaptionskip=\skip41
\belowcaptionskip=\skip42
\bibindent=\dimen102
)
(/usr/share/texlive/texmf-dist/tex/latex/base/inputenc.sty
Package: inputenc 2008/03/30 v1.1d Input encoding file
\inpenc@prehook=\toks14
\inpenc@posthook=\toks15

(/usr/share/texlive/texmf-dist/tex/latex/base/utf8.def
File: utf8.def 2008/04/05 v1.1m UTF-8 support for inputenc
Now handling font encoding OML ...
... no UTF-8 mapping file for font encoding OML
Now handling font encoding T1 ...
... processing UTF-8 mapping file for font encoding T1

(/usr/share/texlive/texmf-dist/tex/latex/base/t1enc.dfu
File: t1enc.dfu 2008/04/05 v1.1m UTF-8 support for inputenc
   defining Unicode char U+00A1 (decimal 161)
   defining Unicode char U+00A3 (decimal 163)
   defining Unicode char U+00AB (decimal 171)
   defining Unicode char U+00BB (decimal 187)
   defining Unicode char U+00BF (decimal 191)
   defining Unicode char U+00C0 (decimal 192)
   defining Unicode char U+00C1 (decimal 193)
   defining Unicode char U+00C2 (decimal 194)
   defining Unicode char U+00C3 (decimal 195)
   defining Unicode char U+00C4 (decimal 196)
   defining Unicode char U+00C5 (decimal 197)
   defining Unicode char U+00C6 (decimal 198)
   defining Unicode char U+00C7 (decimal 199)
   defining Unicode char U+00C8 (decimal 200)
   defining Unicode char U+00C9 (decimal 201)
   defining Unicode char U+00CA (decimal 202)
   defining Unicode char U+00CB (decimal 203)
   defining Unicode char U+00CC (decimal 204)
   defining Unicode char U+00CD (decimal 205)
   defining Unicode char U+00CE (decimal 206)
   defining Unicode char U+00CF (decimal 207)
   defining Unicode char U+00D0 (decimal 208)
   defining Unicode char U+00D1 (decimal 209)
   defining Unicode char U+00D2 (decimal 210)
   defining Unicode char U+00D3 (decimal 211)
   defining Unicode char U+00D4 (decimal 212)
   defining Unicode char U+00D5 (decimal 213)
   defining Unicode char U+00D6 (decimal 214)
   defining Unicode char U+00D8 (decimal 216)
   defining Unicode char U+00D9 (decimal 217)
   defining Unicode char U+00DA (decimal 218)
   defining Unicode char U+00DB (decimal 219)
   defining Unicode char U+00DC (decimal 220)
   defining Unicode char U+00DD (decimal 221)
   defining Unicode char U+00DE (decimal 222)
   defining Unicode char U+00DF (decimal 223)
   defining Unicode char U+00E0 (decimal 224)
   defining Unicode char U+00E1 (decimal 225)
   defining Unicode char U+00E2 (decimal 226)
   defining Unicode char U+00E3 (decimal 227)
   defining Unicode char U+00E4 (decimal 228)
   defining Unicode char U+00E5 (decimal 229)
   defining Unicode char U+00E6 (decimal 230)
   defining Unicode char U+00E7 (decimal 231)
   defining Unicode char U+00E8 (decimal 232)
   defining Unicode char U+00E9 (decimal 233)
   defining Unicode char U+00EA (decimal 234)
   defining Unicode char U+00EB (decimal 235)
   defining Unicode char U+00EC (decimal 236)
   defining Unicode char U+00ED (decimal 237)
   defining Unicode char U+00EE (decimal 238)
   defining Unicode char U+00EF (decimal 239)
   defining Unicode char U+00F0 (decimal 240)
   defining Unicode char U+00F1 (decimal 241)
   defining Unicode char U+00F2 (decimal 242)
   defining Unicode char U+00F3 (decimal 243)
   defining Unicode char U+00F4 (decimal 244)
   defining Unicode char U+00F5 (decimal 245)
   defining Unicode char U+00F6 (decimal 246)
   defining Unicode char U+00F8 (decimal 248)
   defining Unicode char U+00F9 (decimal 249)
   defining Unicode char U+00FA (decimal 250)
   defining Unicode char U+00FB (decimal 251)
   defining Unicode char U+00FC (decimal 252)
   defining Unicode char U+00FD (decimal 253)
   defining Unicode char U+00FE (decimal 254)
   defining Unicode char U+00FF (decimal 255)
   defining Unicode char U+0102 (decimal 258)
   defining Unicode char U+0103 (decimal 259)
   defining Unicode char U+0104 (decimal 260)
   defining Unicode char U+0105 (decimal 261)
   defining Unicode char U+0106 (decimal 262)
   defining Unicode char U+0107 (decimal 263)
   defining Unicode char U+010C (decimal 268)
   defining Unicode char U+010D (decimal 269)
   defining Unicode char U+010E (decimal 270)
   defining Unicode char U+010F (decimal 271)
   defining Unicode char U+0110 (decimal 272)
   defining Unicode char U+0111 (decimal 273)
   defining Unicode char U+0118 (decimal 280)
   defining Unicode char U+0119 (decimal 281)
   defining Unicode char U+011A (decimal 282)
   defining Unicode char U+011B (decimal 283)
   defining Unicode char U+011E (decimal 286)
   defining Unicode char U+011F (decimal 287)
   defining Unicode char U+0130 (decimal 304)
   defining Unicode char U+0131 (decimal 305)
   defining Unicode char U+0132 (decimal 306)
   defining Unicode char U+0133 (decimal 307)
   defining Unicode char U+0139 (decimal 313)
   defining Unicode char U+013A (decimal 314)
   defining Unicode char U+013D (decimal 317)
   defining Unicode char U+013E (decimal 318)
   defining Unicode char U+0141 (decimal 321)
   defining Unicode char U+0142 (decimal 322)
   defining Unicode char U+0143 (decimal 323)
   defining Unicode char U+0144 (decimal 324)
   defining Unicode char U+0147 (decimal 327)
   defining Unicode char U+0148 (decimal 328)
   defining Unicode char U+014A (decimal 330)
   defining Unicode char U+014B (decimal 331)
   defining Unicode char U+0150 (decimal 336)
   defining Unicode char U+0151 (decimal 337)
   defining Unicode char U+0152 (decimal 338)
   defining Unicode char U+0153 (decimal 339)
   defining Unicode char U+0154 (decimal 340)
   defining Unicode char U+0155 (decimal 341)
   defining Unicode char U+0158 (decimal 344)
   defining Unicode char U+0159 (decimal 345)
   defining Unicode char U+015A (decimal 346)
   defining Unicode char U+015B (decimal 347)
   defining Unicode char U+015E (decimal 350)
   defining Unicode char U+015F (decimal 351)
   defining Unicode char U+0160 (decimal 352)
   defining Unicode char U+0161 (decimal 353)
   defining Unicode char U+0162 (decimal 354)
   defining Unicode char U+0163 (decimal 355)
   defining Unicode char U+0164 (decimal 356)
   defining Unicode char U+0165 (decimal 357)
   defining Unicode char U+016E (decimal 366)
   defining Unicode char U+016F (decimal 367)
   defining Unicode char U+0170 (decimal 368)
   defining Unicode char U+0171 (decimal 369)
   defining Unicode char U+0178 (decimal 376)
   defining Unicode char U+0179 (decimal 377)
   defining Unicode char U+017A (decimal 378)
   defining Unicode char U+017B (decimal 379)
   defining Unicode char U+017C (decimal 380)
   defining Unicode char U+017D (decimal 381)
   defining Unicode char U+017E (decimal 382)
   defining Unicode char U+200C (decimal 8204)
   defining Unicode char U+2013 (decimal 8211)
   defining Unicode char U+2014 (decimal 8212)
   defining Unicode char U+2018 (decimal 8216)
   defining Unicode char U+2019 (decimal 8217)
   defining Unicode char U+201A (decimal 8218)
   defining Unicode char U+201C (decimal 8220)
   defining Unicode char U+201D (decimal 8221)
   defining Unicode char U+201E (decimal 8222)
   defining Unicode char U+2030 (decimal 8240)
   defining Unicode char U+2031 (decimal 8241)
   defining Unicode char U+2039 (decimal 8249)
   defining Unicode char U+203A (decimal 8250)
   defining Unicode char U+2423 (decimal 9251)
)
Now handling font encoding OT1 ...
... processing UTF-8 mapping file for font encoding OT1

(/usr/share/texlive/texmf-dist/tex/latex/base/ot1enc.dfu
File: ot1enc.dfu 2008/04/05 v1.1m UTF-8 support for inputenc
   defining Unicode char U+00A1 (decimal 161)
   defining Unicode char U+00A3 (decimal 163)
   defining Unicode char U+00B8 (decimal 184)
   defining Unicode char U+00BF (decimal 191)
   defining Unicode char U+00C5 (decimal 197)
   defining Unicode char U+00C6 (decimal 198)
   defining Unicode char U+00D8 (decimal 216)
   defining Unicode char U+00DF (decimal 223)
   defining Unicode char U+00E6 (decimal 230)
   defining Unicode char U+00EC (decimal 236)
   defining Unicode char U+00ED (decimal 237)
   defining Unicode char U+00EE (decimal 238)
   defining Unicode char U+00EF (decimal 239)
   defining Unicode char U+00F8 (decimal 248)
   defining Unicode char U+0131 (decimal 305)
   defining Unicode char U+0141 (decimal 321)
   defining Unicode char U+0142 (decimal 322)
   defining Unicode char U+0152 (decimal 338)
   defining Unicode char U+0153 (decimal 339)
   defining Unicode char U+2013 (decimal 8211)
   defining Unicode char U+2014 (decimal 8212)
   defining Unicode char U+2018 (decimal 8216)
   defining Unicode char U+2019 (decimal 8217)
   defining Unicode char U+201C (decimal 8220)
   defining Unicode char U+201D (decimal 8221)
)
Now handling font encoding OMS ...
... processing UTF-8 mapping file for font encoding OMS

(/usr/share/texlive/texmf-dist/tex/latex/base/omsenc.dfu
File: omsenc.dfu 2008/04/05 v1.1m UTF-8 support for inputenc
   defining Unicode char U+00A7 (decimal 167)
   defining Unicode char U+00B6 (decimal 182)
   defining Unicode char U+00B7 (decimal 183)
   defining Unicode char U+2020 (decimal 8224)
   defining Unicode char U+2021 (decimal 8225)
   defining Unicode char U+2022 (decimal 8226)
)
Now handling font encoding OMX ...
... no UTF-8 mapping file for font encoding OMX
Now handling font encoding U ...
... no UTF-8 mapping file for font encoding U
   defining Unicode char U+00A9 (decimal 169)
   defining Unicode char U+00AA (decimal 170)
   defining Unicode char U+00AE (decimal 174)
   defining Unicode char U+00BA (decimal 186)
   defining Unicode char U+02C6 (decimal 710)
   defining Unicode char U+02DC (decimal 732)
   defining Unicode char U+200C (decimal 8204)
   defining Unicode char U+2026 (decimal 8230)
   defining Unicode char U+2122 (decimal 8482)
   defining Unicode char U+2423 (decimal 9251)
))
(/usr/share/texlive/texmf-dist/tex/latex/preprint/authblk.sty
Package: authblk 2001/02/27 1.3 (PWD)
\affilsep=\skip43
\@affilsep=\skip44
\c@Maxaffil=\count88
\c@authors=\count89
\c@affil=\count90
)
(/usr/local/share/texmf/tex/latex/geometry/geometry.sty
Package: geometry 2010/09/12 v5.6 Page Geometry

(/usr/share/texlive/texmf-dist/tex/latex/graphics/keyval.sty
Package: keyval 1999/03/16 v1.13 key=value parser (DPC)
\KV@toks@=\toks16
)
(/usr/share/texlive/texmf-dist/tex/generic/oberdiek/ifpdf.sty
Package: ifpdf 2011/01/30 v2.3 Provides the ifpdf switch (HO)
Package ifpdf Info: pdfTeX in PDF mode is detected.
)
(/usr/share/texlive/texmf-dist/tex/generic/oberdiek/ifvtex.sty
Package: ifvtex 2010/03/01 v1.5 Detect VTeX and its facilities (HO)
Package ifvtex Info: VTeX not detected.
)
(/usr/share/texlive/texmf-dist/tex/generic/ifxetex/ifxetex.sty
Package: ifxetex 2010/09/12 v0.6 Provides ifxetex conditional
)
\Gm@cnth=\count91
\Gm@cntv=\count92
\c@Gm@tempcnt=\count93
\Gm@bindingoffset=\dimen103
\Gm@wd@mp=\dimen104
\Gm@odd@mp=\dimen105
\Gm@even@mp=\dimen106
\Gm@layoutwidth=\dimen107
\Gm@layoutheight=\dimen108
\Gm@layouthoffset=\dimen109
\Gm@layoutvoffset=\dimen110
\Gm@dimlist=\toks17
)
(/usr/share/texlive/texmf-dist/tex/latex/graphics/graphicx.sty
Package: graphicx 1999/02/16 v1.0f Enhanced LaTeX Graphics (DPC,SPQR)

(/usr/share/texlive/texmf-dist/tex/latex/graphics/graphics.sty
Package: graphics 2009/02/05 v1.0o Standard LaTeX Graphics (DPC,SPQR)

(/usr/share/texlive/texmf-dist/tex/latex/graphics/trig.sty
Package: trig 1999/03/16 v1.09 sin cos tan (DPC)
)
(/etc/texmf/tex/latex/config/graphics.cfg
File: graphics.cfg 2009/08/28 v1.8 graphics configuration of TeX Live
)
Package graphics Info: Driver file: pdftex.def on input line 91.

(/usr/share/texlive/texmf-dist/tex/latex/pdftex-def/pdftex.def
File: pdftex.def 2011/05/27 v0.06d Graphics/color for pdfTeX

(/usr/share/texlive/texmf-dist/tex/generic/oberdiek/infwarerr.sty
Package: infwarerr 2010/04/08 v1.3 Providing info/warning/error messages (HO)
)
(/usr/share/texlive/texmf-dist/tex/generic/oberdiek/ltxcmds.sty
Package: ltxcmds 2011/11/09 v1.22 LaTeX kernel commands for general use (HO)
)
\Gread@gobject=\count94
))
\Gin@req@height=\dimen111
\Gin@req@width=\dimen112
)
(/usr/share/texlive/texmf-dist/tex/latex/tabulary/tabulary.sty
Package: tabulary 2008/12/01 v0.9 tabulary package (DPC)

(/usr/share/texlive/texmf-dist/tex/latex/tools/array.sty
Package: array 2008/09/09 v2.4c Tabular extension package (FMi)
\col@sep=\dimen113
\extrarowheight=\dimen114
\NC@list=\toks18
\extratabsurround=\skip45
\backup@length=\skip46
)
\TY@count=\count95
\TY@linewidth=\dimen115
\tymin=\dimen116
\tymax=\dimen117
\TY@tablewidth=\dimen118
)
(/usr/share/texlive/texmf-dist/tex/latex/amsmath/amsmath.sty
Package: amsmath 2013/01/14 v2.14 AMS math features
\@mathmargin=\skip47

For additional information on amsmath, use the `?' option.
(/usr/share/texlive/texmf-dist/tex/latex/amsmath/amstext.sty
Package: amstext 2000/06/29 v2.01

(/usr/share/texlive/texmf-dist/tex/latex/amsmath/amsgen.sty
File: amsgen.sty 1999/11/30 v2.0
\@emptytoks=\toks19
\ex@=\dimen119
))
(/usr/share/texlive/texmf-dist/tex/latex/amsmath/amsbsy.sty
Package: amsbsy 1999/11/29 v1.2d
\pmbraise@=\dimen120
)
(/usr/share/texlive/texmf-dist/tex/latex/amsmath/amsopn.sty
Package: amsopn 1999/12/14 v2.01 operator names
)
\inf@bad=\count96
LaTeX Info: Redefining \frac on input line 210.
\uproot@=\count97
\leftroot@=\count98
LaTeX Info: Redefining \overline on input line 306.
\classnum@=\count99
\DOTSCASE@=\count100
LaTeX Info: Redefining \ldots on input line 378.
LaTeX Info: Redefining \dots on input line 381.
LaTeX Info: Redefining \cdots on input line 466.
\Mathstrutbox@=\box26
\strutbox@=\box27
\big@size=\dimen121
LaTeX Font Info:    Redeclaring font encoding OML on input line 566.
LaTeX Font Info:    Redeclaring font encoding OMS on input line 567.
\macc@depth=\count101
\c@MaxMatrixCols=\count102
\dotsspace@=\muskip10
\c@parentequation=\count103
\dspbrk@lvl=\count104
\tag@help=\toks20
\row@=\count105
\column@=\count106
\maxfields@=\count107
\andhelp@=\toks21
\eqnshift@=\dimen122
\alignsep@=\dimen123
\tagshift@=\dimen124
\tagwidth@=\dimen125
\totwidth@=\dimen126
\lineht@=\dimen127
\@envbody=\toks22
\multlinegap=\skip48
\multlinetaggap=\skip49
\mathdisplay@stack=\toks23
LaTeX Info: Redefining \[ on input line 2665.
LaTeX Info: Redefining \] on input line 2666.
)
(/usr/share/texlive/texmf-dist/tex/latex/mh/mathtools.sty
Package: mathtools 2013/02/12 v1.13 mathematical typesetting tools

(/usr/share/texlive/texmf-dist/tex/latex/tools/calc.sty
Package: calc 2007/08/22 v4.3 Infix arithmetic (KKT,FJ)
\calc@Acount=\count108
\calc@Bcount=\count109
\calc@Adimen=\dimen128
\calc@Bdimen=\dimen129
\calc@Askip=\skip50
\calc@Bskip=\skip51
LaTeX Info: Redefining \setlength on input line 76.
LaTeX Info: Redefining \addtolength on input line 77.
\calc@Ccount=\count110
\calc@Cskip=\skip52
)
(/usr/share/texlive/texmf-dist/tex/latex/mh/mhsetup.sty
Package: mhsetup 2010/01/21 v1.2a programming setup (MH)
)
LaTeX Info: Thecontrolsequence`\['isalreadyrobust on input line 129.
LaTeX Info: Thecontrolsequence`\]'isalreadyrobust on input line 129.
\g_MT_multlinerow_int=\count111
\l_MT_multwidth_dim=\dimen130
\origjot=\skip53
\l_MT_shortvdotswithinadjustabove_dim=\dimen131
\l_MT_shortvdotswithinadjustbelow_dim=\dimen132
\l_MT_above_intertext_sep=\dimen133
\l_MT_below_intertext_sep=\dimen134
\l_MT_above_shortintertext_sep=\dimen135
\l_MT_below_shortintertext_sep=\dimen136
)
(/usr/share/texlive/texmf-dist/tex/latex/float/float.sty
Package: float 2001/11/08 v1.3d Float enhancements (AL)
\c@float@type=\count112
\float@exts=\toks24
\float@box=\box28
\@float@everytoks=\toks25
\@floatcapt=\box29
)
(/usr/share/texlive/texmf-dist/tex/latex/cite/cite.sty
LaTeX Info: Redefining \cite on input line 302.
LaTeX Info: Redefining \nocite on input line 373.
Package: cite 2010/09/10  v 5.3
)
(/usr/share/texlive/texmf-dist/tex/latex/graphics/color.sty
Package: color 2005/11/14 v1.0j Standard LaTeX Color (DPC)

(/etc/texmf/tex/latex/config/color.cfg
File: color.cfg 2007/01/18 v1.5 color configuration of teTeX/TeXLive
)
Package color Info: Driver file: pdftex.def on input line 130.
)
(/usr/share/texlive/texmf-dist/tex/latex/caption/caption.sty
Package: caption 2013/05/02 v3.3-89 Customizing captions (AR)

(/usr/share/texlive/texmf-dist/tex/latex/caption/caption3.sty
Package: caption3 2013/05/02 v1.6-88 caption3 kernel (AR)
Package caption3 Info: TeX engine: e-TeX on input line 57.
\captionmargin=\dimen137
\captionmargin@=\dimen138
\captionwidth=\dimen139
\caption@tempdima=\dimen140
\caption@indent=\dimen141
\caption@parindent=\dimen142
\caption@hangindent=\dimen143
)
\c@ContinuedFloat=\count113
Package caption Info: float package is loaded.
)
(/usr/share/texlive/texmf-dist/tex/latex/caption/subcaption.sty
Package: subcaption 2013/02/03 v1.1-62 Sub-captions (AR)
\c@subfigure=\count114
\c@subtable=\count115
)
(/usr/share/texlive/texmf-dist/tex/latex/hyperref/hyperref.sty
Package: hyperref 2012/11/06 v6.83m Hypertext links for LaTeX

(/usr/share/texlive/texmf-dist/tex/generic/oberdiek/hobsub-hyperref.sty
Package: hobsub-hyperref 2012/05/28 v1.13 Bundle oberdiek, subset hyperref (HO)


(/usr/share/texlive/texmf-dist/tex/generic/oberdiek/hobsub-generic.sty
Package: hobsub-generic 2012/05/28 v1.13 Bundle oberdiek, subset generic (HO)
Package: hobsub 2012/05/28 v1.13 Construct package bundles (HO)
Package hobsub Info: Skipping package `infwarerr' (already loaded).
Package hobsub Info: Skipping package `ltxcmds' (already loaded).
Package: ifluatex 2010/03/01 v1.3 Provides the ifluatex switch (HO)
Package ifluatex Info: LuaTeX not detected.
Package hobsub Info: Skipping package `ifvtex' (already loaded).
Package: intcalc 2007/09/27 v1.1 Expandable calculations with integers (HO)
Package hobsub Info: Skipping package `ifpdf' (already loaded).
Package: etexcmds 2011/02/16 v1.5 Avoid name clashes with e-TeX commands (HO)
Package etexcmds Info: Could not find \expanded.
(etexcmds)             That can mean that you are not using pdfTeX 1.50 or
(etexcmds)             that some package has redefined \expanded.
(etexcmds)             In the latter case, load this package earlier.
Package: kvsetkeys 2012/04/25 v1.16 Key value parser (HO)
Package: kvdefinekeys 2011/04/07 v1.3 Define keys (HO)
Package: pdftexcmds 2011/11/29 v0.20 Utility functions of pdfTeX for LuaTeX (HO
)
Package pdftexcmds Info: LuaTeX not detected.
Package pdftexcmds Info: \pdf@primitive is available.
Package pdftexcmds Info: \pdf@ifprimitive is available.
Package pdftexcmds Info: \pdfdraftmode found.
Package: pdfescape 2011/11/25 v1.13 Implements pdfTeX's escape features (HO)
Package: bigintcalc 2012/04/08 v1.3 Expandable calculations on big integers (HO
)
Package: bitset 2011/01/30 v1.1 Handle bit-vector datatype (HO)
Package: uniquecounter 2011/01/30 v1.2 Provide unlimited unique counter (HO)
)
Package hobsub Info: Skipping package `hobsub' (already loaded).
Package: letltxmacro 2010/09/02 v1.4 Let assignment for LaTeX macros (HO)
Package: hopatch 2012/05/28 v1.2 Wrapper for package hooks (HO)
Package: xcolor-patch 2011/01/30 xcolor patch
Package: atveryend 2011/06/30 v1.8 Hooks at the very end of document (HO)
Package atveryend Info: \enddocument detected (standard20110627).
Package: atbegshi 2011/10/05 v1.16 At begin shipout hook (HO)
Package: refcount 2011/10/16 v3.4 Data extraction from label references (HO)
Package: hycolor 2011/01/30 v1.7 Color options for hyperref/bookmark (HO)
)
(/usr/share/texlive/texmf-dist/tex/latex/oberdiek/auxhook.sty
Package: auxhook 2011/03/04 v1.3 Hooks for auxiliary files (HO)
)
(/usr/share/texlive/texmf-dist/tex/latex/oberdiek/kvoptions.sty
Package: kvoptions 2011/06/30 v3.11 Key value format for package options (HO)
)
\@linkdim=\dimen144
\Hy@linkcounter=\count116
\Hy@pagecounter=\count117

(/usr/share/texlive/texmf-dist/tex/latex/hyperref/pd1enc.def
File: pd1enc.def 2012/11/06 v6.83m Hyperref: PDFDocEncoding definition (HO)
Now handling font encoding PD1 ...
... no UTF-8 mapping file for font encoding PD1
)
\Hy@SavedSpaceFactor=\count118

(/usr/share/texlive/texmf-dist/tex/latex/latexconfig/hyperref.cfg
File: hyperref.cfg 2002/06/06 v1.2 hyperref configuration of TeXLive
)
Package hyperref Info: Hyper figures OFF on input line 4443.
Package hyperref Info: Link nesting OFF on input line 4448.
Package hyperref Info: Hyper index ON on input line 4451.
Package hyperref Info: Plain pages OFF on input line 4458.
Package hyperref Info: Backreferencing OFF on input line 4463.
Package hyperref Info: Implicit mode ON; LaTeX internals redefined.
Package hyperref Info: Bookmarks ON on input line 4688.
\c@Hy@tempcnt=\count119

(/usr/share/texlive/texmf-dist/tex/latex/url/url.sty
\Urlmuskip=\muskip11
Package: url 2013/09/16  ver 3.4  Verb mode for urls, etc.
)
LaTeX Info: Redefining \url on input line 5041.
\XeTeXLinkMargin=\dimen145
\Fld@menulength=\count120
\Field@Width=\dimen146
\Fld@charsize=\dimen147
Package hyperref Info: Hyper figures OFF on input line 6295.
Package hyperref Info: Link nesting OFF on input line 6300.
Package hyperref Info: Hyper index ON on input line 6303.
Package hyperref Info: backreferencing OFF on input line 6310.
Package hyperref Info: Link coloring OFF on input line 6315.
Package hyperref Info: Link coloring with OCG OFF on input line 6320.
Package hyperref Info: PDF/A mode OFF on input line 6325.
LaTeX Info: Redefining \ref on input line 6365.
LaTeX Info: Redefining \pageref on input line 6369.
\Hy@abspage=\count121
\c@Item=\count122
\c@Hfootnote=\count123
)

Package hyperref Message: Driver (autodetected): hpdftex.

(/usr/share/texlive/texmf-dist/tex/latex/hyperref/hpdftex.def
File: hpdftex.def 2012/11/06 v6.83m Hyperref driver for pdfTeX
\Fld@listcount=\count124
\c@bookmark@seq@number=\count125

(/usr/share/texlive/texmf-dist/tex/latex/oberdiek/rerunfilecheck.sty
Package: rerunfilecheck 2011/04/15 v1.7 Rerun checks for auxiliary files (HO)
Package uniquecounter Info: New unique counter `rerunfilecheck' on input line 2
82.
)
\Hy@SectionHShift=\skip54
)
(/usr/share/texlive/texmf-dist/tex/latex/enumitem/enumitem.sty
Package: enumitem 2011/09/28 v3.5.2 Customized lists
\labelindent=\skip55
\enit@outerparindent=\dimen148
\enit@toks=\toks26
\enit@inbox=\box30
\enitdp@description=\count126
)
(/usr/share/texlive/texmf-dist/tex/latex/multirow/multirow.sty
\bigstrutjot=\dimen149
)
(/usr/share/texlive/texmf-dist/tex/latex/makecell/makecell.sty
Package: makecell 2009/08/03 V0.1e Managing of Tab Column Heads and Cells
\rotheadsize=\dimen150
\c@nlinenum=\count127
\TeXr@lab=\toks27
)
(/usr/share/texlive/texmf-dist/tex/latex/tools/bm.sty
Package: bm 2004/02/26 v1.1c Bold Symbol Support (DPC/FMi)
\symboldoperators=\mathgroup4
\symboldletters=\mathgroup5
\symboldsymbols=\mathgroup6
LaTeX Font Info:    Redeclaring math alphabet \mathbf on input line 138.
LaTeX Info: Redefining \bm on input line 204.
)
(/usr/share/texlive/texmf-dist/tex/latex/wrapfig/wrapfig.sty
\wrapoverhang=\dimen151
\WF@size=\dimen152
\c@WF@wrappedlines=\count128
\WF@box=\box31
\WF@everypar=\toks28
Package: wrapfig 2003/01/31  v 3.6
)
(./CEP_AnalysisNote.aux)
\openout1 = `CEP_AnalysisNote.aux'.

LaTeX Font Info:    Checking defaults for OML/cmm/m/it on input line 94.
LaTeX Font Info:    ... okay on input line 94.
LaTeX Font Info:    Checking defaults for T1/cmr/m/n on input line 94.
LaTeX Font Info:    ... okay on input line 94.
LaTeX Font Info:    Checking defaults for OT1/cmr/m/n on input line 94.
LaTeX Font Info:    ... okay on input line 94.
LaTeX Font Info:    Checking defaults for OMS/cmsy/m/n on input line 94.
LaTeX Font Info:    ... okay on input line 94.
LaTeX Font Info:    Checking defaults for OMX/cmex/m/n on input line 94.
LaTeX Font Info:    ... okay on input line 94.
LaTeX Font Info:    Checking defaults for U/cmr/m/n on input line 94.
LaTeX Font Info:    ... okay on input line 94.
LaTeX Font Info:    Checking defaults for PD1/pdf/m/n on input line 94.
LaTeX Font Info:    ... okay on input line 94.

*geometry* driver: auto-detecting
*geometry* detected driver: pdftex
*geometry* verbose mode - [ preamble ] result:
* driver: pdftex
* paper: a4paper
* layout: <same size as paper>
* layoutoffset:(h,v)=(0.0pt,0.0pt)
* modes: 
* h-part:(L,W,R)=(89.62709pt, 418.25368pt, 89.6271pt)
* v-part:(T,H,B)=(101.40665pt, 591.5302pt, 152.11pt)
* \paperwidth=597.50787pt
* \paperheight=845.04684pt
* \textwidth=418.25368pt
* \textheight=591.5302pt
* \oddsidemargin=17.3571pt
* \evensidemargin=17.3571pt
* \topmargin=-7.86334pt
* \headheight=12.0pt
* \headsep=25.0pt
* \topskip=10.0pt
* \footskip=30.0pt
* \marginparwidth=57.0pt
* \marginparsep=11.0pt
* \columnsep=10.0pt
* \skip\footins=9.0pt plus 4.0pt minus 2.0pt
* \hoffset=0.0pt
* \voffset=0.0pt
* \mag=1000
* \@twocolumnfalse
* \@twosidefalse
* \@mparswitchfalse
* \@reversemarginfalse
* (1in=72.27pt=25.4mm, 1cm=28.453pt)

(/usr/share/texlive/texmf-dist/tex/context/base/supp-pdf.mkii
[Loading MPS to PDF converter (version 2006.09.02).]
\scratchcounter=\count129
\scratchdimen=\dimen153
\scratchbox=\box32
\nofMPsegments=\count130
\nofMParguments=\count131
\everyMPshowfont=\toks29
\MPscratchCnt=\count132
\MPscratchDim=\dimen154
\MPnumerator=\count133
\makeMPintoPDFobject=\count134
\everyMPtoPDFconversion=\toks30
)
Package caption Info: Begin \AtBeginDocument code.
Package caption Info: hyperref package is loaded.
Package caption Info: wrapfig package is loaded.
Package caption Info: End \AtBeginDocument code.
\AtBeginShipoutBox=\box33
Package hyperref Info: Link coloring OFF on input line 94.
 (/usr/share/texlive/texmf-dist/tex/latex/hyperref/nameref.sty
Package: nameref 2012/10/27 v2.43 Cross-referencing by name of section

(/usr/share/texlive/texmf-dist/tex/generic/oberdiek/gettitlestring.sty
Package: gettitlestring 2010/12/03 v1.4 Cleanup title references (HO)
)
\c@section@level=\count135
)
LaTeX Info: Redefining \ref on input line 94.
LaTeX Info: Redefining \pageref on input line 94.
LaTeX Info: Redefining \nameref on input line 94.

(./CEP_AnalysisNote.out) (./CEP_AnalysisNote.out)
\@outlinefile=\write3
\openout3 = `CEP_AnalysisNote.out'.


<graphics/STAR_logo.pdf, id=219, 283.68053pt x 199.9972pt>
File: graphics/STAR_logo.pdf Graphic file (type pdf)

<use graphics/STAR_logo.pdf>
Package pdftex.def Info: graphics/STAR_logo.pdf used on input line 101.
(pdftex.def)             Requested size: 62.73549pt x 44.2284pt.
 [1

{/var/lib/texmf/fonts/map/pdftex/updmap/pdftex.map} <./graphics/STAR_logo.pdf>]
*geometry* verbose mode - [ newgeometry ] result:
* driver: pdftex
* paper: a4paper
* layout: <same size as paper>
* layoutoffset:(h,v)=(0.0pt,0.0pt)
* modes: 
* h-part:(L,W,R)=(56.9055pt, 483.69687pt, 56.9055pt)
* v-part:(T,H,B)=(48.93872pt, 722.7pt, 73.40813pt)
* \paperwidth=597.50787pt
* \paperheight=845.04684pt
* \textwidth=483.69687pt
* \textheight=722.7pt
* \oddsidemargin=-15.36449pt
* \evensidemargin=-15.36449pt
* \topmargin=-60.33127pt
* \headheight=12.0pt
* \headsep=25.0pt
* \topskip=10.0pt
* \footskip=30.0pt
* \marginparwidth=57.0pt
* \marginparsep=11.0pt
* \columnsep=10.0pt
* \skip\footins=9.0pt plus 4.0pt minus 2.0pt
* \hoffset=0.0pt
* \voffset=0.0pt
* \mag=1000
* \@twocolumnfalse
* \@twosidefalse
* \@mparswitchfalse
* \@reversemarginfalse
* (1in=72.27pt=25.4mm, 1cm=28.453pt)

 (./CEP_AnalysisNote.toc [2



])
\tf@toc=\write4
\openout4 = `CEP_AnalysisNote.toc'.


(./Introduction.tex [3]
Chapter 1.
<graphics/introduction/eta_phi.pdf, id=346, 569.12625pt x 358.33875pt>
File: graphics/introduction/eta_phi.pdf Graphic file (type pdf)

<use graphics/introduction/eta_phi.pdf>
Package pdftex.def Info: graphics/introduction/eta_phi.pdf used on input line 3
9.
(pdftex.def)             Requested size: 252.73625pt x 159.12944pt.

Overfull \hbox (12.9773pt too wide) in paragraph at lines 39--39
 []| [] 
 []



pdfTeX warning: /usr/bin/pdflatex (file ./graphics/introduction/DPE.pdf): PDF i
nclusion: found PDF version <1.5>, but at most version <1.4> allowed
<graphics/introduction/DPE.pdf, id=347, 291.0875pt x 243.91125pt>
File: graphics/introduction/DPE.pdf Graphic file (type pdf)

<use graphics/introduction/DPE.pdf>
Package pdftex.def Info: graphics/introduction/DPE.pdf used on input line 46.
(pdftex.def)             Requested size: 147.04558pt x 123.217pt.
 [4

 <./graphics/introduction/eta_phi.pdf, page is rotated 90 degrees> <./graphics/
introduction/DPE.pdf>]) (./Dataset.tex
[5]
Chapter 2.
<graphics/dataset/bits.png, id=447, 498.36188pt x 97.86563pt>
File: graphics/dataset/bits.png Graphic file (type png)

<use graphics/dataset/bits.png>
Package pdftex.def Info: graphics/dataset/bits.png used on input line 24.
(pdftex.def)             Requested size: 343.42802pt x 67.44221pt.

Overfull \hbox (7.66003pt too wide) in paragraph at lines 43--44
\OT1/cmr/m/n/10 tion[]pp200trans[]2015, pro-duc-tion[]pp200long2[]2015, pro-duc
-tion[]pp200long3[]2015 and pro-duc-tion[]pp200long[]2015
 []

[6

 <./graphics/dataset/bits.png>]
<graphics/dataset/positionHistograms.pdf, id=469, 569.12625pt x 552.0625pt>
File: graphics/dataset/positionHistograms.pdf Graphic file (type pdf)

<use graphics/dataset/positionHistograms.pdf>
Package pdftex.def Info: graphics/dataset/positionHistograms.pdf used on input 
line 83.
(pdftex.def)             Requested size: 193.47578pt x 187.6735pt.

<graphics/dataset/positionVsRunGraph.pdf, id=470, 569.12625pt x 408.52625pt>
File: graphics/dataset/positionVsRunGraph.pdf Graphic file (type pdf)

<use graphics/dataset/positionVsRunGraph.pdf>
Package pdftex.def Info: graphics/dataset/positionVsRunGraph.pdf used on input 
line 90.
(pdftex.def)             Requested size: 263.6139pt x 189.23341pt.
) (./EventSelection.tex [7 <./graphics/dataset/positionHistograms.pdf, page is 
rotated 90 degrees> <./graphics/dataset/positionVsRunGraph.pdf, page is rotated
 90 degrees>]
Chapter 3.

Overfull \hbox (1.58076pt too wide) in paragraph at lines 18--19
[]| \OT1/cmr/m/n/10 .|  Ex-actly 2 opposite-sign pri-mary TPC tracks ([]C3.2[])
 of good qual-ity ([]C3.4[]) matched with hits in TOF ([]C3.1[]),
 []


<graphics/eventSelection/NumberOfPrimaryVertices.pdf, id=591, 569.12625pt x 552
.0625pt>
File: graphics/eventSelection/NumberOfPrimaryVertices.pdf Graphic file (type pd
f)
 <use graphics/eventSelection/NumberOfPrimaryVertices.pdf>
Package pdftex.def Info: graphics/eventSelection/NumberOfPrimaryVertices.pdf us
ed on input line 59.
(pdftex.def)             Requested size: 193.47578pt x 187.6735pt.

<graphics/eventSelection/zVertex_oneTof.pdf, id=592, 569.12625pt x 408.52625pt>
File: graphics/eventSelection/zVertex_oneTof.pdf Graphic file (type pdf)
<use graphics/eventSelection/zVertex_oneTof.pdf>
Package pdftex.def Info: graphics/eventSelection/zVertex_oneTof.pdf used on inp
ut line 66.
(pdftex.def)             Requested size: 263.6139pt x 189.23341pt.

<graphics/eventSelection/LocalAngles.pdf, id=599, page=1, 569.12625pt x 552.062
5pt>
File: graphics/eventSelection/LocalAngles.pdf Graphic file (type pdf)
 <use graphics/eventSelection/LocalAngles.pdf, page 1>
Package pdftex.def Info: graphics/eventSelection/LocalAngles.pdf, page1 used on
 input line 82.
(pdftex.def)             Requested size: 152.36569pt x 147.79529pt.

<graphics/eventSelection/LocalAngles.pdf, id=600, page=2, 569.12625pt x 552.062
5pt>
File: graphics/eventSelection/LocalAngles.pdf Graphic file (type pdf)
 <use graphics/eventSelection/LocalAngles.pdf, page 2>
Package pdftex.def Info: graphics/eventSelection/LocalAngles.pdf, page2 used on
 input line 89.
(pdftex.def)             Requested size: 152.36569pt x 147.79529pt.

<graphics/eventSelection/LocalAngles.pdf, id=601, page=3, 569.12625pt x 552.062
5pt>
File: graphics/eventSelection/LocalAngles.pdf Graphic file (type pdf)
 <use graphics/eventSelection/LocalAngles.pdf, page 3>
Package pdftex.def Info: graphics/eventSelection/LocalAngles.pdf, page3 used on
 input line 96.
(pdftex.def)             Requested size: 152.36569pt x 147.79529pt.

<graphics/eventSelection/zVertexRpVsTpc.pdf, id=603, 569.12625pt x 552.0625pt>
File: graphics/eventSelection/zVertexRpVsTpc.pdf Graphic file (type pdf)

<use graphics/eventSelection/zVertexRpVsTpc.pdf>
Package pdftex.def Info: graphics/eventSelection/zVertexRpVsTpc.pdf used on inp
ut line 114.
(pdftex.def)             Requested size: 193.47578pt x 187.6735pt.

<graphics/eventSelection/zVertexRpMinusZVertexTpc.pdf, id=604, 569.12625pt x 40
8.52625pt>
File: graphics/eventSelection/zVertexRpMinusZVertexTpc.pdf Graphic file (type p
df)
 <use graphics/eventSelection/zVertexRpMinusZVertexTpc.pdf>
Package pdftex.def Info: graphics/eventSelection/zVertexRpMinusZVertexTpc.pdf u
sed on input line 121.
(pdftex.def)             Requested size: 263.6139pt x 189.23341pt.

<graphics/eventSelection/DeltaZVx.pdf, id=609, page=1, 569.12625pt x 552.0625pt
>
File: graphics/eventSelection/DeltaZVx.pdf Graphic file (type pdf)
 <use graphics/eventSelection/DeltaZVx.pdf, page 1>
Package pdftex.def Info: graphics/eventSelection/DeltaZVx.pdf, page1 used on in
put line 131.
(pdftex.def)             Requested size: 229.75896pt x 222.86806pt.

<graphics/eventSelection/MaxAdcBbcLarge.pdf, id=611, page=1, 569.12625pt x 552.
0625pt>
File: graphics/eventSelection/MaxAdcBbcLarge.pdf Graphic file (type pdf)
 <use graphics/eventSelection/MaxAdcBbcLarge.pdf, page 1>
Package pdftex.def Info: graphics/eventSelection/MaxAdcBbcLarge.pdf, page1 used
 on input line 144.
(pdftex.def)             Requested size: 229.75896pt x 222.86806pt.
 [8

] [9 <./graphics/eventSelection/NumberOfPrimaryVertices.pdf, page is rotated 90
 degrees> <./graphics/eventSelection/zVertex_oneTof.pdf, page is rotated 90 deg
rees> <./graphics/eventSelection/LocalAngles.pdf, page is rotated 90 degrees> <
./graphics/eventSelection/LocalAngles.pdf, page is rotated 90 degrees> <./graph
ics/eventSelection/LocalAngles.pdf, page is rotated 90 degrees> <./graphics/eve
ntSelection/zVertexRpVsTpc.pdf, page is rotated 90 degrees> <./graphics/eventSe
lection/zVertexRpMinusZVertexTpc.pdf, page is rotated 90 degrees>]
<graphics/eventSelection/NTofClusters.pdf, id=849, page=1, 569.12625pt x 552.06
25pt>
File: graphics/eventSelection/NTofClusters.pdf Graphic file (type pdf)
 <use graphics/eventSelection/NTofClusters.pdf, page 1>
Package pdftex.def Info: graphics/eventSelection/NTofClusters.pdf, page1 used o
n input line 158.
(pdftex.def)             Requested size: 229.75896pt x 222.86806pt.

<graphics/eventSelection/PxCentralTrksVsProtons_pion.pdf, id=851, 569.12625pt x
 552.0625pt>
File: graphics/eventSelection/PxCentralTrksVsProtons_pion.pdf Graphic file (typ
e pdf)
 <use graphics/eventSelection/PxCentralTrksVsProtons_pion.pdf>
Package pdftex.def Info: graphics/eventSelection/PxCentralTrksVsProtons_pion.pd
f used on input line 176.
(pdftex.def)             Requested size: 228.54854pt x 221.69716pt.

<graphics/eventSelection/PyCentralTrksVsProtons_pion.pdf, id=852, 569.12625pt x
 552.0625pt>
File: graphics/eventSelection/PyCentralTrksVsProtons_pion.pdf Graphic file (typ
e pdf)
 <use graphics/eventSelection/PyCentralTrksVsProtons_pion.pdf>
Package pdftex.def Info: graphics/eventSelection/PyCentralTrksVsProtons_pion.pd
f used on input line 183.
(pdftex.def)             Requested size: 228.54854pt x 221.69716pt.

[10 <./graphics/eventSelection/DeltaZVx.pdf, page is rotated 90 degrees> <./gra
phics/eventSelection/MaxAdcBbcLarge.pdf, page is rotated 90 degrees>]
<graphics/eventSelection/MissingPt.pdf, id=950, page=1, 569.12625pt x 408.52625
pt>
File: graphics/eventSelection/MissingPt.pdf Graphic file (type pdf)
 <use graphics/eventSelection/MissingPt.pdf, page 1>
Package pdftex.def Info: graphics/eventSelection/MissingPt.pdf, page1 used on i
nput line 194.
(pdftex.def)             Requested size: 306.17798pt x 219.79051pt.

<graphics/eventSelection/TofScheme.pdf, id=952, 282.96358pt x 103.878pt>
File: graphics/eventSelection/TofScheme.pdf Graphic file (type pdf)

<use graphics/eventSelection/TofScheme.pdf>
Package pdftex.def Info: graphics/eventSelection/TofScheme.pdf used on input li
ne 212.
(pdftex.def)             Requested size: 140.26883pt x 51.49504pt.
 [11 <./graphics/eventSelection/NTofClusters.pdf, page is rotated 90 degrees> <
./graphics/eventSelection/PxCentralTrksVsProtons_pion.pdf, page is rotated 90 d
egrees> <./graphics/eventSelection/PyCentralTrksVsProtons_pion.pdf, page is rot
ated 90 degrees>]
<graphics/eventSelection/SqRootNSigmaPionVsKaon.pdf, id=1089, 569.12625pt x 552
.0625pt>
File: graphics/eventSelection/SqRootNSigmaPionVsKaon.pdf Graphic file (type pdf
)
 <use graphics/eventSelection/SqRootNSigmaPionVsKaon.pdf>
Package pdftex.def Info: graphics/eventSelection/SqRootNSigmaPionVsKaon.pdf use
d on input line 261.
(pdftex.def)             Requested size: 152.36569pt x 147.79529pt.

<graphics/eventSelection/SqRootNSigmaPionVsProton.pdf, id=1090, 569.12625pt x 5
52.0625pt>
File: graphics/eventSelection/SqRootNSigmaPionVsProton.pdf Graphic file (type p
df)
 <use graphics/eventSelection/SqRootNSigmaPionVsProton.pdf>
Package pdftex.def Info: graphics/eventSelection/SqRootNSigmaPionVsProton.pdf u
sed on input line 268.
(pdftex.def)             Requested size: 152.36569pt x 147.79529pt.

<graphics/eventSelection/SqRootNSigmaKaonVsProton.pdf, id=1091, 569.12625pt x 5
52.0625pt>
File: graphics/eventSelection/SqRootNSigmaKaonVsProton.pdf Graphic file (type p
df)
 <use graphics/eventSelection/SqRootNSigmaKaonVsProton.pdf>
Package pdftex.def Info: graphics/eventSelection/SqRootNSigmaKaonVsProton.pdf u
sed on input line 275.
(pdftex.def)             Requested size: 152.36569pt x 147.79529pt.

<graphics/eventSelection/SqMassTofVsSqRootNSigma_pion.pdf, id=1092, 569.12625pt
 x 552.0625pt>
File: graphics/eventSelection/SqMassTofVsSqRootNSigma_pion.pdf Graphic file (ty
pe pdf)
 <use graphics/eventSelection/SqMassTofVsSqRootNSigma_pion.pdf>
Package pdftex.def Info: graphics/eventSelection/SqMassTofVsSqRootNSigma_pion.p
df used on input line 289.
(pdftex.def)             Requested size: 152.36569pt x 147.79529pt.

<graphics/eventSelection/SqMassTofVsSqRootNSigma_kaon.pdf, id=1093, 569.12625pt
 x 552.0625pt>
File: graphics/eventSelection/SqMassTofVsSqRootNSigma_kaon.pdf Graphic file (ty
pe pdf)
 <use graphics/eventSelection/SqMassTofVsSqRootNSigma_kaon.pdf>
Package pdftex.def Info: graphics/eventSelection/SqMassTofVsSqRootNSigma_kaon.p
df used on input line 296.
(pdftex.def)             Requested size: 152.36569pt x 147.79529pt.

<graphics/eventSelection/SqMassTofVsSqRootNSigma_proton.pdf, id=1094, 569.12625
pt x 552.0625pt>
File: graphics/eventSelection/SqMassTofVsSqRootNSigma_proton.pdf Graphic file (
type pdf)

<use graphics/eventSelection/SqMassTofVsSqRootNSigma_proton.pdf>
Package pdftex.def Info: graphics/eventSelection/SqMassTofVsSqRootNSigma_proton
.pdf used on input line 303.
(pdftex.def)             Requested size: 152.36569pt x 147.79529pt.

<graphics/eventSelection/sqMassFromTof.pdf, id=1095, page=1, 569.12625pt x 408.
52625pt>
File: graphics/eventSelection/sqMassFromTof.pdf Graphic file (type pdf)
 <use graphics/eventSelection/sqMassFromTof.pdf, page 1>
Package pdftex.def Info: graphics/eventSelection/sqMassFromTof.pdf, page1 used 
on input line 317.
(pdftex.def)             Requested size: 314.40001pt x 225.6875pt.

<graphics/eventSelection/SignificanceVsEfficiency_pTmiss.pdf, id=1099, 569.1262
5pt x 552.0625pt>
File: graphics/eventSelection/SignificanceVsEfficiency_pTmiss.pdf Graphic file 
(type pdf)

<use graphics/eventSelection/SignificanceVsEfficiency_pTmiss.pdf>
Package pdftex.def Info: graphics/eventSelection/SignificanceVsEfficiency_pTmis
s.pdf used on input line 350.
(pdftex.def)             Requested size: 228.54854pt x 221.69716pt.

<graphics/eventSelection/ROC_pTmiss.pdf, id=1100, 569.12625pt x 552.0625pt>
File: graphics/eventSelection/ROC_pTmiss.pdf Graphic file (type pdf)

<use graphics/eventSelection/ROC_pTmiss.pdf>
Package pdftex.def Info: graphics/eventSelection/ROC_pTmiss.pdf used on input l
ine 350.
(pdftex.def)             Requested size: 228.54854pt x 221.69716pt.

<graphics/eventSelection/BkgdFractionVsEfficiency_pTmiss.pdf, id=1101, 569.1262
5pt x 552.0625pt>
File: graphics/eventSelection/BkgdFractionVsEfficiency_pTmiss.pdf Graphic file 
(type pdf)

<use graphics/eventSelection/BkgdFractionVsEfficiency_pTmiss.pdf>
Package pdftex.def Info: graphics/eventSelection/BkgdFractionVsEfficiency_pTmis
s.pdf used on input line 360.
(pdftex.def)             Requested size: 228.54854pt x 221.69716pt.

<graphics/eventSelection/CutFlow.pdf, id=1114, page=1, 569.12625pt x 408.52625p
t>
File: graphics/eventSelection/CutFlow.pdf Graphic file (type pdf)
 <use graphics/eventSelection/CutFlow.pdf, page 1>
Package pdftex.def Info: graphics/eventSelection/CutFlow.pdf, page1 used on inp
ut line 373.
(pdftex.def)             Requested size: 411.14528pt x 295.13605pt.
) (./Corrections.tex
[12 <./graphics/eventSelection/MissingPt.pdf, page is rotated 90 degrees> <./gr
aphics/eventSelection/TofScheme.pdf>] [13 <./graphics/eventSelection/SqRootNSig
maPionVsKaon.pdf, page is rotated 90 degrees> <./graphics/eventSelection/SqRoot
NSigmaPionVsProton.pdf, page is rotated 90 degrees> <./graphics/eventSelection/
SqRootNSigmaKaonVsProton.pdf, page is rotated 90 degrees> <./graphics/eventSele
ction/SqMassTofVsSqRootNSigma_pion.pdf, page is rotated 90 degrees> <./graphics
/eventSelection/SqMassTofVsSqRootNSigma_kaon.pdf, page is rotated 90 degrees> <
./graphics/eventSelection/SqMassTofVsSqRootNSigma_proton.pdf, page is rotated 9
0 degrees> <./graphics/eventSelection/sqMassFromTof.pdf, page is rotated 90 deg
rees>] [14 <./graphics/eventSelection/SignificanceVsEfficiency_pTmiss.pdf, page
 is rotated 90 degrees> <./graphics/eventSelection/ROC_pTmiss.pdf, page is rota
ted 90 degrees> <./graphics/eventSelection/BkgdFractionVsEfficiency_pTmiss.pdf,
 page is rotated 90 degrees>] [15 <./graphics/eventSelection/CutFlow.pdf, page 
is rotated 90 degrees>]
Chapter 4.

<graphics/corrections/OnlineVetoEffVsInstLumi_graph.pdf, id=1676, page=1, 569.1
2625pt x 408.52625pt>
File: graphics/corrections/OnlineVetoEffVsInstLumi_graph.pdf Graphic file (type
 pdf)

<use graphics/corrections/OnlineVetoEffVsInstLumi_graph.pdf, page 1>
Package pdftex.def Info: graphics/corrections/OnlineVetoEffVsInstLumi_graph.pdf
, page1 used on input line 43.
(pdftex.def)             Requested size: 314.40001pt x 225.6875pt.

<graphics/corrections/OnlineAndOfflineVetoEffVsInstLumi_graph.pdf, id=1682, pag
e=1, 569.12625pt x 408.52625pt>
File: graphics/corrections/OnlineAndOfflineVetoEffVsInstLumi_graph.pdf Graphic 
file (type pdf)

<use graphics/corrections/OnlineAndOfflineVetoEffVsInstLumi_graph.pdf, page 1>
Package pdftex.def Info: graphics/corrections/OnlineAndOfflineVetoEffVsInstLumi
_graph.pdf, page1 used on input line 56.
(pdftex.def)             Requested size: 314.40001pt x 225.6875pt.

[16

 <./graphics/corrections/OnlineVetoEffVsInstLumi_graph.pdf, page is rotated 90 
degrees>] [17 <./graphics/corrections/OnlineAndOfflineVetoEffVsInstLumi_graph.p
df, page is rotated 90 degrees>]
<graphics/corrections/dEdx_fitPerMomentumBin_3rdIteration.pdf, id=1800, page=4,
 569.12625pt x 203.76125pt>
File: graphics/corrections/dEdx_fitPerMomentumBin_3rdIteration.pdf Graphic file
 (type pdf)

<use graphics/corrections/dEdx_fitPerMomentumBin_3rdIteration.pdf, page 4>
Package pdftex.def Info: graphics/corrections/dEdx_fitPerMomentumBin_3rdIterati
on.pdf, page4 used on input line 97.
(pdftex.def)             Requested size: 239.42758pt x 85.72215pt.

<graphics/corrections/dEdx_fitPerMomentumBin_3rdIteration.pdf, id=1801, page=14
, 569.12625pt x 203.76125pt>
File: graphics/corrections/dEdx_fitPerMomentumBin_3rdIteration.pdf Graphic file
 (type pdf)

<use graphics/corrections/dEdx_fitPerMomentumBin_3rdIteration.pdf, page 14>
Package pdftex.def Info: graphics/corrections/dEdx_fitPerMomentumBin_3rdIterati
on.pdf, page14 used on input line 97.
(pdftex.def)             Requested size: 239.42758pt x 85.72215pt.

<graphics/corrections/dEdx_fitPerMomentumBin_3rdIteration.pdf, id=1802, page=24
, 569.12625pt x 203.76125pt>
File: graphics/corrections/dEdx_fitPerMomentumBin_3rdIteration.pdf Graphic file
 (type pdf)

<use graphics/corrections/dEdx_fitPerMomentumBin_3rdIteration.pdf, page 24>
Package pdftex.def Info: graphics/corrections/dEdx_fitPerMomentumBin_3rdIterati
on.pdf, page24 used on input line 97.
(pdftex.def)             Requested size: 239.42758pt x 85.72215pt.

<graphics/corrections/dEdx_fitPerMomentumBin_3rdIteration.pdf, id=1803, page=34
, 569.12625pt x 203.76125pt>
File: graphics/corrections/dEdx_fitPerMomentumBin_3rdIteration.pdf Graphic file
 (type pdf)

<use graphics/corrections/dEdx_fitPerMomentumBin_3rdIteration.pdf, page 34>
Package pdftex.def Info: graphics/corrections/dEdx_fitPerMomentumBin_3rdIterati
on.pdf, page34 used on input line 97.
(pdftex.def)             Requested size: 239.42758pt x 85.72215pt.

<graphics/corrections/dEdx_fitPerMomentumBin_3rdIteration.pdf, id=1804, page=9,
 569.12625pt x 203.76125pt>
File: graphics/corrections/dEdx_fitPerMomentumBin_3rdIteration.pdf Graphic file
 (type pdf)

<use graphics/corrections/dEdx_fitPerMomentumBin_3rdIteration.pdf, page 9>
Package pdftex.def Info: graphics/corrections/dEdx_fitPerMomentumBin_3rdIterati
on.pdf, page9 used on input line 104.
(pdftex.def)             Requested size: 239.42758pt x 85.72215pt.

<graphics/corrections/dEdx_fitPerMomentumBin_3rdIteration.pdf, id=1805, page=19
, 569.12625pt x 203.76125pt>
File: graphics/corrections/dEdx_fitPerMomentumBin_3rdIteration.pdf Graphic file
 (type pdf)

<use graphics/corrections/dEdx_fitPerMomentumBin_3rdIteration.pdf, page 19>
Package pdftex.def Info: graphics/corrections/dEdx_fitPerMomentumBin_3rdIterati
on.pdf, page19 used on input line 104.
(pdftex.def)             Requested size: 239.42758pt x 85.72215pt.

<graphics/corrections/dEdx_fitPerMomentumBin_3rdIteration.pdf, id=1806, page=29
, 569.12625pt x 203.76125pt>
File: graphics/corrections/dEdx_fitPerMomentumBin_3rdIteration.pdf Graphic file
 (type pdf)

<use graphics/corrections/dEdx_fitPerMomentumBin_3rdIteration.pdf, page 29>
Package pdftex.def Info: graphics/corrections/dEdx_fitPerMomentumBin_3rdIterati
on.pdf, page29 used on input line 104.
(pdftex.def)             Requested size: 239.42758pt x 85.72215pt.

<graphics/corrections/dEdx_fitPerMomentumBin_3rdIteration.pdf, id=1807, page=39
, 569.12625pt x 203.76125pt>
File: graphics/corrections/dEdx_fitPerMomentumBin_3rdIteration.pdf Graphic file
 (type pdf)

<use graphics/corrections/dEdx_fitPerMomentumBin_3rdIteration.pdf, page 39>
Package pdftex.def Info: graphics/corrections/dEdx_fitPerMomentumBin_3rdIterati
on.pdf, page39 used on input line 104.
(pdftex.def)             Requested size: 239.42758pt x 85.72215pt.

<graphics/corrections/dEdxMeanOffset_allPIDs.pdf, id=1810, 569.12625pt x 408.52
625pt>
File: graphics/corrections/dEdxMeanOffset_allPIDs.pdf Graphic file (type pdf)
 <use graphics/corrections/dEdxMeanOffset_allPIDs.pdf>
Package pdftex.def Info: graphics/corrections/dEdxMeanOffset_allPIDs.pdf used o
n input line 122.
(pdftex.def)             Requested size: 228.54854pt x 164.0559pt.

<graphics/corrections/dEdxMeanOffset_allPIDs_data.pdf, id=1811, 569.12625pt x 4
08.52625pt>
File: graphics/corrections/dEdxMeanOffset_allPIDs_data.pdf Graphic file (type p
df)
 <use graphics/corrections/dEdxMeanOffset_allPIDs_data.pdf>
Package pdftex.def Info: graphics/corrections/dEdxMeanOffset_allPIDs_data.pdf u
sed on input line 122.
(pdftex.def)             Requested size: 228.54854pt x 164.0559pt.

<graphics/corrections/dEdxWidth_allPIDs.pdf, id=1812, 569.12625pt x 408.52625pt
>
File: graphics/corrections/dEdxWidth_allPIDs.pdf Graphic file (type pdf)
 <use graphics/corrections/dEdxWidth_allPIDs.pdf>
Package pdftex.def Info: graphics/corrections/dEdxWidth_allPIDs.pdf used on inp
ut line 132.
(pdftex.def)             Requested size: 228.54854pt x 164.0559pt.

<graphics/corrections/dEdxWidth_allPIDs_data.pdf, id=1813, 569.12625pt x 408.52
625pt>
File: graphics/corrections/dEdxWidth_allPIDs_data.pdf Graphic file (type pdf)
 <use graphics/corrections/dEdxWidth_allPIDs_data.pdf>
Package pdftex.def Info: graphics/corrections/dEdxWidth_allPIDs_data.pdf used o
n input line 132.
(pdftex.def)             Requested size: 228.54854pt x 164.0559pt.

<graphics/corrections/dEdx_DataVsMC.pdf, id=1828, page=4, 569.12625pt x 275.027
5pt>
File: graphics/corrections/dEdx_DataVsMC.pdf Graphic file (type pdf)
 <use graphics/corrections/dEdx_DataVsMC.pdf, page 4>
Package pdftex.def Info: graphics/corrections/dEdx_DataVsMC.pdf, page4 used on 
input line 181.
(pdftex.def)             Requested size: 239.42758pt x 115.7038pt.

<graphics/corrections/dEdx_DataVsMC.pdf, id=1829, page=14, 569.12625pt x 275.02
75pt>
File: graphics/corrections/dEdx_DataVsMC.pdf Graphic file (type pdf)
 <use graphics/corrections/dEdx_DataVsMC.pdf, page 14>
Package pdftex.def Info: graphics/corrections/dEdx_DataVsMC.pdf, page14 used on
 input line 181.
(pdftex.def)             Requested size: 239.42758pt x 115.7038pt.

<graphics/corrections/dEdx_DataVsMC.pdf, id=1830, page=24, 569.12625pt x 275.02
75pt>
File: graphics/corrections/dEdx_DataVsMC.pdf Graphic file (type pdf)
 <use graphics/corrections/dEdx_DataVsMC.pdf, page 24>
Package pdftex.def Info: graphics/corrections/dEdx_DataVsMC.pdf, page24 used on
 input line 181.
(pdftex.def)             Requested size: 239.42758pt x 115.7038pt.

<graphics/corrections/dEdx_DataVsMC.pdf, id=1831, page=34, 569.12625pt x 275.02
75pt>
File: graphics/corrections/dEdx_DataVsMC.pdf Graphic file (type pdf)
 <use graphics/corrections/dEdx_DataVsMC.pdf, page 34>
Package pdftex.def Info: graphics/corrections/dEdx_DataVsMC.pdf, page34 used on
 input line 181.
(pdftex.def)             Requested size: 239.42758pt x 115.7038pt.

<graphics/corrections/dEdx_DataVsMC.pdf, id=1832, page=9, 569.12625pt x 275.027
5pt>
File: graphics/corrections/dEdx_DataVsMC.pdf Graphic file (type pdf)
 <use graphics/corrections/dEdx_DataVsMC.pdf, page 9>
Package pdftex.def Info: graphics/corrections/dEdx_DataVsMC.pdf, page9 used on 
input line 188.
(pdftex.def)             Requested size: 239.42758pt x 115.7038pt.

<graphics/corrections/dEdx_DataVsMC.pdf, id=1833, page=19, 569.12625pt x 275.02
75pt>
File: graphics/corrections/dEdx_DataVsMC.pdf Graphic file (type pdf)
 <use graphics/corrections/dEdx_DataVsMC.pdf, page 19>
Package pdftex.def Info: graphics/corrections/dEdx_DataVsMC.pdf, page19 used on
 input line 188.
(pdftex.def)             Requested size: 239.42758pt x 115.7038pt.

<graphics/corrections/dEdx_DataVsMC.pdf, id=1834, page=29, 569.12625pt x 275.02
75pt>
File: graphics/corrections/dEdx_DataVsMC.pdf Graphic file (type pdf)
 <use graphics/corrections/dEdx_DataVsMC.pdf, page 29>
Package pdftex.def Info: graphics/corrections/dEdx_DataVsMC.pdf, page29 used on
 input line 188.
(pdftex.def)             Requested size: 239.42758pt x 115.7038pt.

<graphics/corrections/dEdx_DataVsMC.pdf, id=1835, page=39, 569.12625pt x 275.02
75pt>
File: graphics/corrections/dEdx_DataVsMC.pdf Graphic file (type pdf)
 <use graphics/corrections/dEdx_DataVsMC.pdf, page 39>
Package pdftex.def Info: graphics/corrections/dEdx_DataVsMC.pdf, page39 used on
 input line 188.
(pdftex.def)             Requested size: 239.42758pt x 115.7038pt.

<graphics/corrections/sqMassTof_DataVsMC.pdf, id=1836, page=1, 569.12625pt x 40
8.52625pt>
File: graphics/corrections/sqMassTof_DataVsMC.pdf Graphic file (type pdf)
 <use graphics/corrections/sqMassTof_DataVsMC.pdf, page 1>
Package pdftex.def Info: graphics/corrections/sqMassTof_DataVsMC.pdf, page1 use
d on input line 208.
(pdftex.def)             Requested size: 152.36569pt x 109.36852pt.

<graphics/corrections/sqMassTof_DataVsMC.pdf, id=1837, page=2, 569.12625pt x 40
8.52625pt>
File: graphics/corrections/sqMassTof_DataVsMC.pdf Graphic file (type pdf)
 <use graphics/corrections/sqMassTof_DataVsMC.pdf, page 2>
Package pdftex.def Info: graphics/corrections/sqMassTof_DataVsMC.pdf, page2 use
d on input line 215.
(pdftex.def)             Requested size: 152.36569pt x 109.36852pt.

<graphics/corrections/sqMassTof_DataVsMC.pdf, id=1838, page=3, 569.12625pt x 40
8.52625pt>
File: graphics/corrections/sqMassTof_DataVsMC.pdf Graphic file (type pdf)
 <use graphics/corrections/sqMassTof_DataVsMC.pdf, page 3>
Package pdftex.def Info: graphics/corrections/sqMassTof_DataVsMC.pdf, page3 use
d on input line 222.
(pdftex.def)             Requested size: 152.36569pt x 109.36852pt.
 [18 <./graphics/corrections/dEdx_fitPerMomentumBin_3rdIteration.pdf, page is r
otated 90 degrees> <./graphics/corrections/dEdx_fitPerMomentumBin_3rdIteration.
pdf, page is rotated 90 degrees> <./graphics/corrections/dEdx_fitPerMomentumBin
_3rdIteration.pdf, page is rotated 90 degrees> <./graphics/corrections/dEdx_fit
PerMomentumBin_3rdIteration.pdf, page is rotated 90 degrees> <./graphics/correc
tions/dEdx_fitPerMomentumBin_3rdIteration.pdf, page is rotated 90 degrees> <./g
raphics/corrections/dEdx_fitPerMomentumBin_3rdIteration.pdf, page is rotated 90
 degrees> <./graphics/corrections/dEdx_fitPerMomentumBin_3rdIteration.pdf, page
 is rotated 90 degrees> <./graphics/corrections/dEdx_fitPerMomentumBin_3rdItera
tion.pdf, page is rotated 90 degrees>]) (./Backgrounds.tex [19] [20 <./graphics
/corrections/dEdxMeanOffset_allPIDs.pdf, page is rotated 90 degrees> <./graphic
s/corrections/dEdxMeanOffset_allPIDs_data.pdf, page is rotated 90 degrees> <./g
raphics/corrections/dEdxWidth_allPIDs.pdf, page is rotated 90 degrees> <./graph
ics/corrections/dEdxWidth_allPIDs_data.pdf, page is rotated 90 degrees>] [21 <.
/graphics/corrections/dEdx_DataVsMC.pdf, page is rotated 90 degrees> <./graphic
s/corrections/dEdx_DataVsMC.pdf, page is rotated 90 degrees> <./graphics/correc
tions/dEdx_DataVsMC.pdf, page is rotated 90 degrees> <./graphics/corrections/dE
dx_DataVsMC.pdf, page is rotated 90 degrees> <./graphics/corrections/dEdx_DataV
sMC.pdf, page is rotated 90 degrees> <./graphics/corrections/dEdx_DataVsMC.pdf,
 page is rotated 90 degrees> <./graphics/corrections/dEdx_DataVsMC.pdf, page is
 rotated 90 degrees> <./graphics/corrections/dEdx_DataVsMC.pdf, page is rotated
 90 degrees> <./graphics/corrections/sqMassTof_DataVsMC.pdf, page is rotated 90
 degrees> <./graphics/corrections/sqMassTof_DataVsMC.pdf, page is rotated 90 de
grees> <./graphics/corrections/sqMassTof_DataVsMC.pdf, page is rotated 90 degre
es>]
Chapter 5.

<graphics/backgrounds/Raw_MissingPtPid.pdf, id=2180, page=1, 569.12625pt x 408.
52625pt>
File: graphics/backgrounds/Raw_MissingPtPid.pdf Graphic file (type pdf)
 <use graphics/backgrounds/Raw_MissingPtPid.pdf, page 1>
Package pdftex.def Info: graphics/backgrounds/Raw_MissingPtPid.pdf, page1 used 
on input line 14.
(pdftex.def)             Requested size: 314.40001pt x 225.6875pt.

<graphics/backgrounds/pid-crop2.pdf, id=2181, 196.735pt x 92.345pt>
File: graphics/backgrounds/pid-crop2.pdf Graphic file (type pdf)

<use graphics/backgrounds/pid-crop2.pdf>
Package pdftex.def Info: graphics/backgrounds/pid-crop2.pdf used on input line 
28.
(pdftex.def)             Requested size: 228.54854pt x 107.27666pt.

Overfull \hbox (1.66663pt too wide) detected at line 66
[][]|  [] \OT1/cmr/m/n/10 = [] []
 []


Overfull \hbox (1.66663pt too wide) detected at line 66
[][] [] \OT1/cmr/m/n/10 = ^^C[] []
 []

) (./SystematicErrors.tex [22

 <./graphics/backgrounds/Raw_MissingPtPid.pdf, page is rotated 90 degrees> <./g
raphics/backgrounds/pid-crop2.pdf>] [23]
Chapter 6.
) [24

] (./CEP_AnalysisNote.lof)
\tf@lof=\write5
\openout5 = `CEP_AnalysisNote.lof'.

 (./CEP_AnalysisNote.lot)
\tf@lot=\write6
\openout6 = `CEP_AnalysisNote.lot'.


(./CEP_AnalysisNote.bbl [25

])
Package atveryend Info: Empty hook `BeforeClearDocument' on input line 173.
 [26

]
Package atveryend Info: Empty hook `AfterLastShipout' on input line 173.
 (./CEP_AnalysisNote.aux)
Package atveryend Info: Executing hook `AtVeryEndDocument' on input line 173.
Package atveryend Info: Executing hook `AtEndAfterFileList' on input line 173.
Package rerunfilecheck Info: File `CEP_AnalysisNote.out' has not changed.
(rerunfilecheck)             Checksum: 3E940D3144E5057E33AD6605B97674B5;4101.
Package atveryend Info: Empty hook `AtVeryVeryEnd' on input line 173.
 ) 
Here is how much of TeX's memory you used:
 9490 strings out of 494997
 149520 string characters out of 6180841
 257548 words of memory out of 5000000
 12313 multiletter control sequences out of 15000+600000
 22421 words of font info for 77 fonts, out of 8000000 for 9000
 34 hyphenation exceptions out of 8191
 36i,24n,51p,1001b,638s stack positions out of 5000i,500n,10000p,200000b,80000s
</usr/share/texlive/texmf-dist/fonts/type1/public/amsfonts/cm/cmbsy10.pfb></u
sr/share/texlive/texmf-dist/fonts/type1/public/amsfonts/cmextra/cmbsy7.pfb></us
r/share/texlive/texmf-dist/fonts/type1/public/amsfonts/cm/cmbx10.pfb></usr/shar
e/texlive/texmf-dist/fonts/type1/public/amsfonts/cm/cmbx12.pfb></usr/share/texl
ive/texmf-dist/fonts/type1/public/amsfonts/cm/cmbx7.pfb></usr/share/texlive/tex
mf-dist/fonts/type1/public/amsfonts/cm/cmbx9.pfb></usr/share/texlive/texmf-dist
/fonts/type1/public/amsfonts/cm/cmbxti10.pfb></usr/share/texlive/texmf-dist/fon
ts/type1/public/amsfonts/cm/cmex10.pfb></usr/share/texlive/texmf-dist/fonts/typ
e1/public/amsfonts/cm/cmmi10.pfb></usr/share/texlive/texmf-dist/fonts/type1/pub
lic/amsfonts/cm/cmmi12.pfb></usr/share/texlive/texmf-dist/fonts/type1/public/am
sfonts/cm/cmmi5.pfb></usr/share/texlive/texmf-dist/fonts/type1/public/amsfonts/
cm/cmmi7.pfb></usr/share/texlive/texmf-dist/fonts/type1/public/amsfonts/cm/cmmi
8.pfb></usr/share/texlive/texmf-dist/fonts/type1/public/amsfonts/cm/cmmib10.pfb
></usr/share/texlive/texmf-dist/fonts/type1/public/amsfonts/cm/cmr10.pfb></usr/
share/texlive/texmf-dist/fonts/type1/public/amsfonts/cm/cmr12.pfb></usr/share/t
exlive/texmf-dist/fonts/type1/public/amsfonts/cm/cmr5.pfb></usr/share/texlive/t
exmf-dist/fonts/type1/public/amsfonts/cm/cmr6.pfb></usr/share/texlive/texmf-dis
t/fonts/type1/public/amsfonts/cm/cmr7.pfb></usr/share/texlive/texmf-dist/fonts/
type1/public/amsfonts/cm/cmr8.pfb></usr/share/texlive/texmf-dist/fonts/type1/pu
blic/amsfonts/cm/cmr9.pfb></usr/share/texlive/texmf-dist/fonts/type1/public/ams
fonts/cm/cmsy10.pfb></usr/share/texlive/texmf-dist/fonts/type1/public/amsfonts/
cm/cmsy5.pfb></usr/share/texlive/texmf-dist/fonts/type1/public/amsfonts/cm/cmsy
6.pfb></usr/share/texlive/texmf-dist/fonts/type1/public/amsfonts/cm/cmsy7.pfb><
/usr/share/texlive/texmf-dist/fonts/type1/public/amsfonts/cm/cmsy8.pfb></usr/sh
are/texlive/texmf-dist/fonts/type1/public/amsfonts/cm/cmti10.pfb></usr/share/te
xlive/texmf-dist/fonts/type1/public/amsfonts/cm/cmti7.pfb></usr/share/texlive/t
exmf-dist/fonts/type1/public/amsfonts/cm/cmti9.pfb></usr/share/texlive/texmf-di
st/fonts/type1/public/amsfonts/cm/cmtt10.pfb>
Output written on CEP_AnalysisNote.pdf (26 pages, 3756766 bytes).
PDF statistics:
 2487 PDF objects out of 2487 (max. 8388607)
 182 named destinations out of 1000 (max. 500000)
 723 words of extra memory for PDF output out of 10000 (max. 10000000)

